Unity Editor version:    2022.3.44f1 (c3ae09b9f03c)
Branch:                  2022.3/staging
Build type:              Release
Batch mode:              YES
macOS version:           Version 15.0.1 (Build 24A348)
Darwin version:          24.0.0
Architecture:            arm64
Running under Rosetta:   NO
Available memory:        16384 MB
Using pre-set license
Pro License: YES

COMMAND LINE ARGUMENTS:
/Applications/Unity/Hub/Editor/2022.3.44f1/Unity.app/Contents/MacOS/Unity
-adb2
-batchMode
-noUpm
-name
AssetImportWorker3
-projectPath
/Users/kaitlyn/School/Fall2024/CS576/planet_parv/Planet_Parv_Game
-logFile
Logs/AssetImportWorker3.log
-srvPort
58279
Successfully changed project path to: /Users/kaitlyn/School/Fall2024/CS576/planet_parv/Planet_Parv_Game
/Users/kaitlyn/School/Fall2024/CS576/planet_parv/Planet_Parv_Game
[UnityMemory] Configuration Parameters - Can be set up in boot.config
    "memorysetup-bucket-allocator-granularity=16"
    "memorysetup-bucket-allocator-bucket-count=8"
    "memorysetup-bucket-allocator-block-size=33554432"
    "memorysetup-bucket-allocator-block-count=8"
    "memorysetup-main-allocator-block-size=16777216"
    "memorysetup-thread-allocator-block-size=16777216"
    "memorysetup-gfx-main-allocator-block-size=16777216"
    "memorysetup-gfx-thread-allocator-block-size=16777216"
    "memorysetup-cache-allocator-block-size=4194304"
    "memorysetup-typetree-allocator-block-size=2097152"
    "memorysetup-profiler-bucket-allocator-granularity=16"
    "memorysetup-profiler-bucket-allocator-bucket-count=8"
    "memorysetup-profiler-bucket-allocator-block-size=33554432"
    "memorysetup-profiler-bucket-allocator-block-count=8"
    "memorysetup-profiler-allocator-block-size=16777216"
    "memorysetup-profiler-editor-allocator-block-size=1048576"
    "memorysetup-temp-allocator-size-main=16777216"
    "memorysetup-job-temp-allocator-block-size=2097152"
    "memorysetup-job-temp-allocator-block-size-background=1048576"
    "memorysetup-job-temp-allocator-reduction-small-platforms=262144"
    "memorysetup-allocator-temp-initial-block-size-main=262144"
    "memorysetup-allocator-temp-initial-block-size-worker=262144"
    "memorysetup-temp-allocator-size-background-worker=32768"
    "memorysetup-temp-allocator-size-job-worker=262144"
    "memorysetup-temp-allocator-size-preload-manager=33554432"
    "memorysetup-temp-allocator-size-nav-mesh-worker=65536"
    "memorysetup-temp-allocator-size-audio-worker=65536"
    "memorysetup-temp-allocator-size-cloud-worker=32768"
    "memorysetup-temp-allocator-size-gi-baking-worker=262144"
    "memorysetup-temp-allocator-size-gfx=262144"
Player connection [8392208960]  Target information:

Player connection [8392208960]  * "[IP] 172.31.253.194 [Port] 0 [Flags] 2 [Guid] 3537781706 [EditorId] 3537781706 [Version] 1048832 [Id] OSXEditor(0,vl965-172-31-253-194.wireless.umass.edu) [Debug] 1 [PackageName] OSXEditor [ProjectName] Editor" 

Player connection [8392208960] Host joined multi-casting on [225.0.0.222:54997]...
Player connection [8392208960] Host joined alternative multi-casting on [225.0.0.222:34997]...
[PhysX] Initialized MultithreadedTaskDispatcher with 8 workers.
Refreshing native plugins compatible for Editor in 0.22 ms, found 0 plugins.
Preloading 0 native plugins for Editor in 0.00 ms.
Initialize engine version: 2022.3.44f1 (c3ae09b9f03c)
[Subsystems] Discovering subsystems at path /Applications/Unity/Hub/Editor/2022.3.44f1/Unity.app/Contents/Resources/UnitySubsystems
[Subsystems] Discovering subsystems at path /Users/kaitlyn/School/Fall2024/CS576/planet_parv/Planet_Parv_Game/Assets
GfxDevice: creating device client; threaded=0; jobified=0
 preferred device: Apple M1 (high power)
Metal devices available: 1
0: Apple M1 (high power)
Using device Apple M1 (high power)
Initializing Metal device caps: Apple M1
Initialize mono
Mono path[0] = '/Applications/Unity/Hub/Editor/2022.3.44f1/Unity.app/Contents/Managed'
Mono path[1] = '/Applications/Unity/Hub/Editor/2022.3.44f1/Unity.app/Contents/MonoBleedingEdge/lib/mono/unityjit-macos'
Mono config path = '/Applications/Unity/Hub/Editor/2022.3.44f1/Unity.app/Contents/MonoBleedingEdge/etc'
Using monoOptions --debugger-agent=transport=dt_socket,embedding=1,server=y,suspend=n,address=127.0.0.1:56228
Begin MonoManager ReloadAssembly
Registering precompiled unity dll's ...
Register platform support module: /Applications/Unity/Hub/Editor/2022.3.44f1/Unity.app/Contents/PlaybackEngines/MacStandaloneSupport/UnityEditor.OSXStandalone.Extensions.dll
Registered in 0.002808 seconds.
- Loaded All Assemblies, in  0.335 seconds
Native extension for OSXStandalone target not found
Mono: successfully reloaded assembly
- Finished resetting the current domain, in  0.236 seconds
Domain Reload Profiling: 571ms
	BeginReloadAssembly (91ms)
		ExecutionOrderSort (0ms)
		DisableScriptedObjects (0ms)
		BackupInstance (0ms)
		ReleaseScriptingObjects (0ms)
		CreateAndSetChildDomain (1ms)
	RebuildCommonClasses (34ms)
	RebuildNativeTypeToScriptingClass (12ms)
	initialDomainReloadingComplete (48ms)
	LoadAllAssembliesAndSetupDomain (149ms)
		LoadAssemblies (92ms)
		RebuildTransferFunctionScriptingTraits (0ms)
		AnalyzeDomain (147ms)
			TypeCache.Refresh (146ms)
				TypeCache.ScanAssembly (133ms)
			ScanForSourceGeneratedMonoScriptInfo (0ms)
			ResolveRequiredComponents (0ms)
	FinalizeReload (236ms)
		ReleaseScriptCaches (0ms)
		RebuildScriptCaches (0ms)
		SetupLoadedEditorAssemblies (192ms)
			LogAssemblyErrors (0ms)
			InitializePlatformSupportModulesInManaged (9ms)
			SetLoadedEditorAssemblies (7ms)
			RefreshPlugins (0ms)
			BeforeProcessingInitializeOnLoad (2ms)
			ProcessInitializeOnLoadAttributes (133ms)
			ProcessInitializeOnLoadMethodAttributes (40ms)
			AfterProcessingInitializeOnLoad (0ms)
			EditorAssembliesLoaded (0ms)
		ExecutionOrderSort2 (0ms)
		AwakeInstancesAfterBackupRestoration (0ms)
Assertion failed on expression: 'IsFileCreated(assemblyPath)'
Assertion failed on expression: 'IsFileCreated(assemblyPath)'
Assertion failed on expression: 'IsFileCreated(assemblyPath)'
Assertion failed on expression: 'IsFileCreated(assemblyPath)'
Assertion failed on expression: 'IsFileCreated(assemblyPath)'
Assertion failed on expression: 'IsFileCreated(assemblyPath)'
Assertion failed on expression: 'IsFileCreated(assemblyPath)'
Assertion failed on expression: 'IsFileCreated(assemblyPath)'
Assertion failed on expression: 'IsFileCreated(assemblyPath)'
Assertion failed on expression: 'IsFileCreated(assemblyPath)'
Assertion failed on expression: 'IsFileCreated(assemblyPath)'
Assertion failed on expression: 'IsFileCreated(assemblyPath)'
Assertion failed on expression: 'IsFileCreated(assemblyPath)'
Assertion failed on expression: 'IsFileCreated(assemblyPath)'
Assertion failed on expression: 'IsFileCreated(assemblyPath)'
Compilation Pipeline: Could not read file Packages/com.unity.timeline/Runtime/Unity.Timeline.asmdef
Fatal Error! Compilation Pipeline: Could not read file Packages/com.unity.timeline/Runtime/Unity.Timeline.asmdef
Obtained 35 stack frames.
#0  0x0000018fbf6600 in __pthread_kill
#1  0x0000018fb3b908 in abort
#2  0x0000010548cc24 in __cxx_global_var_init.3
#3  0x0000010409a4d8 in EditorMonoConsole::LogToConsoleImplementation(CppLogEntry&)
#4  0x0000010409a128 in EditorMonoConsole::LogToConsoleImplementation(DebugStringToFileData const&)
#5  0x0000010409b96c in LogToConsoleImplementation(DebugStringToFileData const&)
#6  0x00000104e12cd0 in DebugStringToFilePostprocessedStacktrace(DebugStringToFileData const&)
#7  0x00000104e135a4 in DebugStringToFile(DebugStringToFileData const&)
#8  0x000001045ac9c0 in RegisterAssemblyDefinition(core::basic_string<char, core::StringStorageDefault<char>> const&)
#9  0x0000010499fc60 in UpdateScriptCompilationPipelineCaches(ScriptChanges const&, bool)
#10 0x000001049a04c8 in WorkerInitializeAndProcessScriptChanges()
#11 0x0000010422f3b0 in Application::InitializeProject()
#12 0x00000105498dac in -[EditorApplication applicationDidFinishLaunching:]
#13 0x0000018fd0af80 in __CFNOTIFICATIONCENTER_IS_CALLING_OUT_TO_AN_OBSERVER__
#14 0x0000018fd9c274 in ___CFXRegistrationPost_block_invoke
#15 0x0000018fd9c1bc in _CFXRegistrationPost
#16 0x0000018fcd9634 in _CFXNotificationPost
#17 0x00000190e81c34 in -[NSNotificationCenter postNotificationName:object:userInfo:]
#18 0x0000019386167c in -[NSApplication _postDidFinishNotification]
#19 0x0000019386142c in -[NSApplication _sendFinishLaunchingNotification]
#20 0x0000019385f88c in -[NSApplication(NSAppleEventHandling) _handleAEOpenEvent:]
#21 0x0000019385f494 in -[NSApplication(NSAppleEventHandling) _handleCoreEvent:withReplyEvent:]
#22 0x00000190eaa8ac in -[NSAppleEventManager dispatchRawAppleEvent:withRawReply:handlerRefCon:]
#23 0x00000190eaa6a4 in _NSAppleEventManagerGenericHandler
#24 0x000001971cf2e4 in _AppleEventsCheckInAppWithBlock
#25 0x000001971cec08 in _AppleEventsCheckInAppWithBlock
#26 0x000001971c8154 in aeProcessAppleEvent
#27 0x0000019b06adb4 in AEProcessAppleEvent
#28 0x00000193858d68 in _DPSNextEvent
#29 0x0000019417e7b8 in -[NSApplication(NSEventRouting) _nextEventMatchingEventMask:untilDate:inMode:dequeue:]
#30 0x0000019384bb7c in -[NSApplication run]
#31 0x0000019382244c in NSApplicationMain
#32 0x000001054b2b28 in EditorMain(int, char const**)
#33 0x000001054b2e8c in main
#34 0x0000018f8ac274 in start
